RestClient.get "https://collaborate.skyscapecs.net/api/groups.json", "Accept"=>"*/*; q=0.5, application/xml", "Accept-Encoding"=>"gzip, deflate"
# => 200 OK | application/json 5417 bytes
RestClient.get "https://collaborate.skyscapecs.net/api/groups/19.json", "Accept"=>"*/*; q=0.5, application/xml", "Accept-Encoding"=>"gzip, deflate"
# => 200 OK | application/json 520 bytes
RestClient.post "https://collaborate.skyscapecs.net/api/messages.json", 1583 byte(s) length, "Accept"=>"*/*; q=0.5, application/xml", "Accept-Encoding"=>"gzip, deflate", "Content-Length"=>"1583", "Content-Type"=>"application/x-www-form-urlencoded"
# => 500 InternalServerError | text/html 1540 bytes
RestClient.get "https://collaborate.skyscapecs.net/api/groups.json", "Accept"=>"*/*; q=0.5, application/xml", "Accept-Encoding"=>"gzip, deflate"
# => 200 OK | application/json 5417 bytes
RestClient.get "https://collaborate.skyscapecs.net/api/groups/19.json", "Accept"=>"*/*; q=0.5, application/xml", "Accept-Encoding"=>"gzip, deflate"
# => 200 OK | application/json 520 bytes
RestClient.post "https://collaborate.skyscapecs.net/api/messages.json", 1583 byte(s) length, "Accept"=>"*/*; q=0.5, application/xml", "Accept-Encoding"=>"gzip, deflate", "Content-Length"=>"1583", "Content-Type"=>"application/x-www-form-urlencoded"
# => 500 InternalServerError | text/html 1540 bytes
RestClient.get "https://collaborate.skyscapecs.net/api/groups.json", "Accept"=>"*/*; q=0.5, application/xml", "Accept-Encoding"=>"gzip, deflate"
# => 200 OK | application/json 5417 bytes
RestClient.get "https://collaborate.skyscapecs.net/api/groups/19.json", "Accept"=>"*/*; q=0.5, application/xml", "Accept-Encoding"=>"gzip, deflate"
# => 200 OK | application/json 520 bytes
RestClient.post "https://collaborate.skyscapecs.net/api/messages.json", 1273 byte(s) length, "Accept"=>"*/*; q=0.5, application/xml", "Accept-Encoding"=>"gzip, deflate", "Content-Length"=>"1273"
# => 422 UnprocessableEntity | application/json 36 bytes
RestClient.get "https://collaborate.skyscapecs.net/api/groups.json", "Accept"=>"*/*; q=0.5, application/xml", "Accept-Encoding"=>"gzip, deflate"
RestClient.get "https://collaborate.skyscapecs.net/api/groups.json", "Accept"=>"*/*; q=0.5, application/xml", "Accept-Encoding"=>"gzip, deflate"
RestClient.get "https://collaborate.skyscapecs.net/api/groups.json", "Accept"=>"*/*; q=0.5, application/xml", "Accept-Encoding"=>"gzip, deflate"
# => 200 OK | application/json 5417 bytes
RestClient.get "https://collaborate.skyscapecs.net/api/groups/19.json", "Accept"=>"*/*; q=0.5, application/xml", "Accept-Encoding"=>"gzip, deflate"
# => 200 OK | application/json 520 bytes
RestClient.get "https://collaborate.skyscapecs.net/api/groups.json", "Accept"=>"*/*; q=0.5, application/xml", "Accept-Encoding"=>"gzip, deflate"
# => 200 OK | application/json 5417 bytes
RestClient.get "https://collaborate.skyscapecs.net/api/groups/19.json", "Accept"=>"*/*; q=0.5, application/xml", "Accept-Encoding"=>"gzip, deflate"
# => 200 OK | application/json 520 bytes
RestClient.get "https://collaborate.skyscapecs.net/api/groups.json", "Accept"=>"*/*; q=0.5, application/xml", "Accept-Encoding"=>"gzip, deflate"
# => 200 OK | application/json 5417 bytes
RestClient.get "https://collaborate.skyscapecs.net/api/groups/19.json", "Accept"=>"*/*; q=0.5, application/xml", "Accept-Encoding"=>"gzip, deflate"
# => 200 OK | application/json 520 bytes
RestClient.post "https://collaborate.skyscapecs.net/api/messages.json", "Accept"=>"*/*; q=0.5, application/xml", "Accept-Encoding"=>"gzip, deflate", "Test Message Via API"=>"{:body=>\"Test Message Via API\", :title=>\"TEST MESSAGE\", :group_id=>{\"group\"=>{\"id\"=>19, \"name\"=>\"Goal:(Consumption) Revenue\", \"url\"=>\"https://collaborate.skyscapecs.net/groups/goalconsumptionrevenue\", \"type\"=>\"Group\", \"avatars\"=>{\"is_system_default\"=>true, \"square16\"=>\"https://collaborate.skyscapecs.net/assets/v6/avatars/default_group_square16-d38a5857bd0e276a8f512540c8317323.png\", \"square30\"=>\"https://collaborate.skyscapecs.net/assets/v6/avatars/default_group_square30-dbfd56d9195702356893564da46a9fbb.png\", \"square45\"=>\"https://collaborate.skyscapecs.net/assets/v6/avatars/default_group_square45-38489b9bce6d6b24a75197915b1fd71a.png\", \"square70\"=>\"https://collaborate.skyscapecs.net/assets/v6/avatars/default_group_square70-52a27b0fcbd424ca579f0bf38fc3a75e.png\", \"square140\"=>\"https://collaborate.skyscapecs.net/assets/v6/avatars/default_group_square140-1ad5f602d734cab6cd4385de9fb94342.png\"}, \"username\"=>\"GoalConsumptionRevenue\", \"groupname\"=>\"GoalConsumptionRevenue\", \"private\"=>false, \"admin_ids\"=>[10], \"description\"=>\"Each month during FY14/15, exceed the billed revenue target as listed within the current Business Plan - owner Alex; supporter William\", \"state\"=>\"active\", \"permission\"=>\"public\", \"group_type\"=>\"idea\"}}}"
# => 422 UnprocessableEntity | application/json 36 bytes
RestClient.get "https://collaborate.skyscapecs.net/api/groups.json", "Accept"=>"*/*; q=0.5, application/xml", "Accept-Encoding"=>"gzip, deflate"
RestClient.get "https://collaborate.skyscapecs.net/api/groups.json", "Accept"=>"*/*; q=0.5, application/xml", "Accept-Encoding"=>"gzip, deflate"
# => 200 OK | application/json 5417 bytes
RestClient.get "https://collaborate.skyscapecs.net/api/groups/19.json", "Accept"=>"*/*; q=0.5, application/xml", "Accept-Encoding"=>"gzip, deflate"
# => 200 OK | application/json 520 bytes
RestClient.get "https://collaborate.skyscapecs.net/api/groups.json", "Accept"=>"*/*; q=0.5, application/xml", "Accept-Encoding"=>"gzip, deflate"
# => 200 OK | application/json 5417 bytes
RestClient.get "https://collaborate.skyscapecs.net/api/groups/19.json", "Accept"=>"*/*; q=0.5, application/xml", "Accept-Encoding"=>"gzip, deflate"
# => 200 OK | application/json 520 bytes
RestClient.post "https://collaborate.skyscapecs.net/api/messages.json", "Accept"=>"*/*; q=0.5, application/xml", "Accept-Encoding"=>"gzip, deflate", "Test Message Via API"=>"{\"body\"=>\"Test Message Via API\", \"title\"=>\"TEST MESSAGE\", \"group_id\"=>{\"group\"=>{\"id\"=>19, \"name\"=>\"Goal:(Consumption) Revenue\", \"url\"=>\"https://collaborate.skyscapecs.net/groups/goalconsumptionrevenue\", \"type\"=>\"Group\", \"avatars\"=>{\"is_system_default\"=>true, \"square16\"=>\"https://collaborate.skyscapecs.net/assets/v6/avatars/default_group_square16-d38a5857bd0e276a8f512540c8317323.png\", \"square30\"=>\"https://collaborate.skyscapecs.net/assets/v6/avatars/default_group_square30-dbfd56d9195702356893564da46a9fbb.png\", \"square45\"=>\"https://collaborate.skyscapecs.net/assets/v6/avatars/default_group_square45-38489b9bce6d6b24a75197915b1fd71a.png\", \"square70\"=>\"https://collaborate.skyscapecs.net/assets/v6/avatars/default_group_square70-52a27b0fcbd424ca579f0bf38fc3a75e.png\", \"square140\"=>\"https://collaborate.skyscapecs.net/assets/v6/avatars/default_group_square140-1ad5f602d734cab6cd4385de9fb94342.png\"}, \"username\"=>\"GoalConsumptionRevenue\", \"groupname\"=>\"GoalConsumptionRevenue\", \"private\"=>false, \"admin_ids\"=>[10], \"description\"=>\"Each month during FY14/15, exceed the billed revenue target as listed within the current Business Plan - owner Alex; supporter William\", \"state\"=>\"active\", \"permission\"=>\"public\", \"group_type\"=>\"idea\"}}}"
# => 422 UnprocessableEntity | application/json 36 bytes
RestClient.get "https://collaborate.skyscapecs.net/api/groups.json", "Accept"=>"*/*; q=0.5, application/xml", "Accept-Encoding"=>"gzip, deflate"
RestClient.get "https://collaborate.skyscapecs.net/api/groups.json", "Accept"=>"*/*; q=0.5, application/xml", "Accept-Encoding"=>"gzip, deflate"
# => 200 OK | application/json 5417 bytes
RestClient.get "https://collaborate.skyscapecs.net/api/groups.json", "Accept"=>"*/*; q=0.5, application/xml", "Accept-Encoding"=>"gzip, deflate"
# => 200 OK | application/json 5417 bytes
RestClient.post "https://collaborate.skyscapecs.net/api/messages.json", "Accept"=>"*/*; q=0.5, application/xml", "Accept-Encoding"=>"gzip, deflate", "Test Message Via API"=>"{\"body\"=>\"Test Message Via API\", \"title\"=>\"TEST MESSAGE\", \"group_id\"=>19}"
# => 422 UnprocessableEntity | application/json 36 bytes
RestClient.get "https://collaborate.skyscapecs.net/api/groups.json", "Accept"=>"*/*; q=0.5, application/xml", "Accept-Encoding"=>"gzip, deflate"
# => 200 OK | application/json 5417 bytes
RestClient.get "https://collaborate.skyscapecs.net/api/groups.json", "Accept"=>"*/*; q=0.5, application/xml", "Accept-Encoding"=>"gzip, deflate"
# => 200 OK | application/json 5417 bytes
RestClient.post "https://collaborate.skyscapecs.net/api/messages.json", "Accept"=>"*/*; q=0.5, application/xml", "Accept-Encoding"=>"gzip, deflate", "message"=>"{\"body\"=>\"Test Message Via API\", \"title\"=>\"TEST MESSAGE\", \"group_id\"=>19}"
# => 422 UnprocessableEntity | application/json 36 bytes
RestClient.get "https://collaborate.skyscapecs.net/api/groups.json", "Accept"=>"*/*; q=0.5, application/xml", "Accept-Encoding"=>"gzip, deflate"
# => 200 OK | application/json 5417 bytes
RestClient.get "https://collaborate.skyscapecs.net/api/groups.json", "Accept"=>"*/*; q=0.5, application/xml", "Accept-Encoding"=>"gzip, deflate"
# => 200 OK | application/json 5417 bytes
RestClient.post "https://collaborate.skyscapecs.net/api/messages.json", "Accept"=>"*/*; q=0.5, application/xml", "Accept-Encoding"=>"gzip, deflate", "Nested"=>"{\"body\"=>\"Test Message Via API\", \"title\"=>\"TEST MESSAGE\", \"group_id\"=>19}"
# => 422 UnprocessableEntity | application/json 36 bytes
RestClient.get "https://collaborate.skyscapecs.net/api/groups.json", "Accept"=>"*/*; q=0.5, application/xml", "Accept-Encoding"=>"gzip, deflate"
# => 200 OK | application/json 5417 bytes
RestClient.post "https://collaborate.skyscapecs.net/api/messages.json", "\n    message[body] = Test Message Via API+ \n    message[title] = TEST MESSAGE+\n    message[group_id] = 19\n    ", "Accept"=>"*/*; q=0.5, application/xml", "Accept-Encoding"=>"gzip, deflate", "Content-Length"=>"110"
# => 422 UnprocessableEntity | application/json 36 bytes
RestClient.get "https://collaborate.skyscapecs.net/api/groups.json", "Accept"=>"*/*; q=0.5, application/xml", "Accept-Encoding"=>"gzip, deflate"
# => 200 OK | application/json 5417 bytes
RestClient.post "https://collaborate.skyscapecs.net/api/messages.json", "body=Test%20Message%20Via%20API&title=TEST%20MESSAGE&message=19", "Accept"=>"*/*; q=0.5, application/xml", "Accept-Encoding"=>"gzip, deflate", "Content-Length"=>"63", "Content-Type"=>"application/x-www-form-urlencoded"
# => 500 InternalServerError | text/html 1540 bytes
RestClient.get "https://collaborate.skyscapecs.net/api/groups.json", "Accept"=>"*/*; q=0.5, application/xml", "Accept-Encoding"=>"gzip, deflate"
RestClient.get "https://collaborate.skyscapecs.net/api/groups.json", "Accept"=>"*/*; q=0.5, application/xml", "Accept-Encoding"=>"gzip, deflate"
RestClient.get "https://collaborate.skyscapecs.net/api/groups.json", "Accept"=>"*/*; q=0.5, application/xml", "Accept-Encoding"=>"gzip, deflate"
# => 200 OK | application/json 5417 bytes
RestClient.post "https://collaborate.skyscapecs.net/api/messages.json", "Accept"=>"*/*; q=0.5, application/xml", "Accept-Encoding"=>"gzip, deflate", "Body"=>"Test Message Via API", "Message"=>"19", "Title"=>"TEST MESSAGE"
# => 422 UnprocessableEntity | application/json 36 bytes
RestClient.get "https://collaborate.skyscapecs.net/api/groups.json", "Accept"=>"*/*; q=0.5, application/xml", "Accept-Encoding"=>"gzip, deflate"
# => 200 OK | application/json 5417 bytes
RestClient.post "https://collaborate.skyscapecs.net/api/messages.json", "Accept"=>"*/*; q=0.5, application/xml", "Accept-Encoding"=>"gzip, deflate", "Message"=>"{:body=>\"Test Message Via API\", :title=>\"TEST MESSAGE\", :message=>19}"
# => 422 UnprocessableEntity | application/json 36 bytes
RestClient.get "https://collaborate.skyscapecs.net/api/groups.json", "Accept"=>"*/*; q=0.5, application/xml", "Accept-Encoding"=>"gzip, deflate"
# => 200 OK | application/json 5417 bytes
RestClient.post "https://collaborate.skyscapecs.net/api/messages.json", "Accept"=>"*/*; q=0.5, application/xml", "Accept-Encoding"=>"gzip, deflate", "Message"=>"{:body=>\"test\"}"
# => 422 UnprocessableEntity | application/json 36 bytes
RestClient.get "https://collaborate.skyscapecs.net/api/groups.json", "Accept"=>"*/*; q=0.5, application/xml", "Accept-Encoding"=>"gzip, deflate"
RestClient.get "https://collaborate.skyscapecs.net/api/groups.json", "Accept"=>"*/*; q=0.5, application/xml", "Accept-Encoding"=>"gzip, deflate"
RestClient.get "https://collaborate.skyscapecs.net/api/groups.json", "Accept"=>"*/*; q=0.5, application/xml", "Accept-Encoding"=>"gzip, deflate"
# => 200 OK | application/json 5417 bytes
RestClient.post "https://collaborate.skyscapecs.net/api/messages.json", "message[body]=test", "Accept"=>"*/*; q=0.5, application/xml", "Accept-Encoding"=>"gzip, deflate", "Content-Length"=>"18", "Content-Type"=>"application/x-www-form-urlencoded"
# => 201 Created | application/json 2517 bytes
RestClient.get "https://collaborate.skyscapecs.net/api/groups.json", "Accept"=>"*/*; q=0.5, application/xml", "Accept-Encoding"=>"gzip, deflate"
RestClient.get "https://collaborate.skyscapecs.net/api/groups.json", "Accept"=>"*/*; q=0.5, application/xml", "Accept-Encoding"=>"gzip, deflate"
# => 200 OK | application/json 5473 bytes
RestClient.get "https://collaborate.skyscapecs.net/api/groups.json", "Accept"=>"*/*; q=0.5, application/xml", "Accept-Encoding"=>"gzip, deflate"
RestClient.get "https://collaborate.skyscapecs.net/api/groups.json", "Accept"=>"*/*; q=0.5, application/xml", "Accept-Encoding"=>"gzip, deflate"
# => 200 OK | application/json 5473 bytes
RestClient.post "https://collaborate.skyscapecs.net/api/messages.json", "message[body]=I%20am%20an%20automated%20message%20posted%20via%20the%20Socialcast%20API%0ASoon%20I%20will%20provide%20daily%20updates%20on%20company%20performance%20in%20the%20following%20format%3A%0A%0A%0AREVENUE%20TARGET%3A%20%C2%A3650%2C000%0AREVENUE%20TODAY%3A%20%C2%A3400%2C000%0A%0AVMs%20On%20Platform%3A%203500&message[title]=Daily%20Performance%20Status&message[group_id]=22", "Accept"=>"*/*; q=0.5, application/xml", "Accept-Encoding"=>"gzip, deflate", "Content-Length"=>"382", "Content-Type"=>"application/x-www-form-urlencoded"
# => 201 Created | application/json 5236 bytes
RestClient.get "https://collaborate.skyscapecs.net/api/groups.json", "Accept"=>"*/*; q=0.5, application/xml", "Accept-Encoding"=>"gzip, deflate"
# => 200 OK | application/json 5473 bytes
RestClient.post "https://collaborate.skyscapecs.net/api/messages.json", "message[body]=I%20am%20an%20automated%20message%20posted%20via%20the%20Socialcast%20API%0ASoon%20I%20will%20provide%20daily%20updates%20on%20company%20performance%20in%20the%20following%20format%3A%0A%0A%0AREVENUE%20TARGET%3A%20%C2%A3650%2C000%0AREVENUE%20TODAY%3A%20%C2%A3400%2C000%0A%0AVMs%20On%20Platform%3A%203500&message[title]=Daily%20Performance%20Status&message[group_id]=19", "Accept"=>"*/*; q=0.5, application/xml", "Accept-Encoding"=>"gzip, deflate", "Content-Length"=>"382", "Content-Type"=>"application/x-www-form-urlencoded"
# => 201 Created | application/json 5447 bytes
